# JRE version: Java(TM) SE Runtime Environment (8.0_101-b13) (build 1.8.0_101-b13)
# Java VM: Java HotSpot(TM) 64-Bit Server VM (25.101-b13 mixed mode windows-amd64 compressed oops)
Heap:
 PSYoungGen      total 124928K, used 64565K [0x00000000d5f00000, 0x00000000de680000, 0x0000000100000000)
  eden space 116224K, 50% used [0x00000000d5f00000,0x00000000d982e628,0x00000000dd080000)
  from space 8704K, 69% used [0x00000000dd900000,0x00000000ddedf020,0x00000000de180000)
  to   space 8704K, 0% used [0x00000000dd080000,0x00000000dd080000,0x00000000dd900000)
 ParOldGen       total 59904K, used 18101K [0x0000000081c00000, 0x0000000085680000, 0x00000000d5f00000)
  object space 59904K, 30% used [0x0000000081c00000,0x0000000082dad7f0,0x0000000085680000)
 Metaspace       used 27944K, capacity 28430K, committed 28800K, reserved 1075200K
  class space    used 3299K, capacity 3425K, committed 3456K, reserved 1048576K
GC Heap History (10 events):
Event: 9.377 GC heap before
{Heap before GC invocations=3 (full 0):
 PSYoungGen      total 38400K, used 13571K [0x00000000d5f00000, 0x00000000d8980000, 0x0000000100000000)
  eden space 33280K, 25% used [0x00000000d5f00000,0x00000000d6741c80,0x00000000d7f80000)
  from space 5120K, 99% used [0x00000000d8480000,0x00000000d897f1c0,0x00000000d8980000)
  to   space 5120K, 0% used [0x00000000d7f80000,0x00000000d7f80000,0x00000000d8480000)
 ParOldGen       total 87552K, used 9617K [0x0000000081c00000, 0x0000000087180000, 0x00000000d5f00000)
  object space 87552K, 10% used [0x0000000081c00000,0x00000000825646b8,0x0000000087180000)
 Metaspace       used 20756K, capacity 21196K, committed 21248K, reserved 1067008K
  class space    used 2687K, capacity 2812K, committed 2816K, reserved 1048576K
Event: 9.382 GC heap after
Heap after GC invocations=3 (full 0):
 PSYoungGen      total 38400K, used 5096K [0x00000000d5f00000, 0x00000000daa00000, 0x0000000100000000)
  eden space 33280K, 0% used [0x00000000d5f00000,0x00000000d5f00000,0x00000000d7f80000)
  from space 5120K, 99% used [0x00000000d7f80000,0x00000000d847a320,0x00000000d8480000)
  to   space 5120K, 0% used [0x00000000da500000,0x00000000da500000,0x00000000daa00000)
 ParOldGen       total 87552K, used 10420K [0x0000000081c00000, 0x0000000087180000, 0x00000000d5f00000)
  object space 87552K, 11% used [0x0000000081c00000,0x000000008262d290,0x0000000087180000)
 Metaspace       used 20756K, capacity 21196K, committed 21248K, reserved 1067008K
  class space    used 2687K, capacity 2812K, committed 2816K, reserved 1048576K
}
Event: 9.382 GC heap before
{Heap before GC invocations=4 (full 1):
 PSYoungGen      total 38400K, used 5096K [0x00000000d5f00000, 0x00000000daa00000, 0x0000000100000000)
  eden space 33280K, 0% used [0x00000000d5f00000,0x00000000d5f00000,0x00000000d7f80000)
  from space 5120K, 99% used [0x00000000d7f80000,0x00000000d847a320,0x00000000d8480000)
  to   space 5120K, 0% used [0x00000000da500000,0x00000000da500000,0x00000000daa00000)
 ParOldGen       total 87552K, used 10420K [0x0000000081c00000, 0x0000000087180000, 0x00000000d5f00000)
  object space 87552K, 11% used [0x0000000081c00000,0x000000008262d290,0x0000000087180000)
 Metaspace       used 20756K, capacity 21196K, committed 21248K, reserved 1067008K
  class space    used 2687K, capacity 2812K, committed 2816K, reserved 1048576K
Event: 9.410 GC heap after
Heap after GC invocations=4 (full 1):
 PSYoungGen      total 38400K, used 0K [0x00000000d5f00000, 0x00000000daa00000, 0x0000000100000000)
  eden space 33280K, 0% used [0x00000000d5f00000,0x00000000d5f00000,0x00000000d7f80000)
  from space 5120K, 0% used [0x00000000d7f80000,0x00000000d7f80000,0x00000000d8480000)
  to   space 5120K, 0% used [0x00000000da500000,0x00000000da500000,0x00000000daa00000)
 ParOldGen       total 59904K, used 13260K [0x0000000081c00000, 0x0000000085680000, 0x00000000d5f00000)
  object space 59904K, 22% used [0x0000000081c00000,0x00000000828f3370,0x0000000085680000)
 Metaspace       used 20756K, capacity 21196K, committed 21248K, reserved 1067008K
  class space    used 2687K, capacity 2812K, committed 2816K, reserved 1048576K
}
Event: 9.876 GC heap before
{Heap before GC invocations=5 (full 1):
 PSYoungGen      total 38400K, used 33280K [0x00000000d5f00000, 0x00000000daa00000, 0x0000000100000000)
  eden space 33280K, 100% used [0x00000000d5f00000,0x00000000d7f80000,0x00000000d7f80000)
  from space 5120K, 0% used [0x00000000d7f80000,0x00000000d7f80000,0x00000000d8480000)
  to   space 5120K, 0% used [0x00000000da500000,0x00000000da500000,0x00000000daa00000)
 ParOldGen       total 59904K, used 13260K [0x0000000081c00000, 0x0000000085680000, 0x00000000d5f00000)
  object space 59904K, 22% used [0x0000000081c00000,0x00000000828f3370,0x0000000085680000)
 Metaspace       used 25240K, capacity 25652K, committed 25984K, reserved 1073152K
  class space    used 3063K, capacity 3166K, committed 3200K, reserved 1048576K
Event: 9.881 GC heap after
Heap after GC invocations=5 (full 1):
 PSYoungGen      total 67584K, used 5116K [0x00000000d5f00000, 0x00000000daa00000, 0x0000000100000000)
  eden space 62464K, 0% used [0x00000000d5f00000,0x00000000d5f00000,0x00000000d9c00000)
  from space 5120K, 99% used [0x00000000da500000,0x00000000da9ff020,0x00000000daa00000)
  to   space 5120K, 0% used [0x00000000da000000,0x00000000da000000,0x00000000da500000)
 ParOldGen       total 59904K, used 15808K [0x0000000081c00000, 0x0000000085680000, 0x00000000d5f00000)
  object space 59904K, 26% used [0x0000000081c00000,0x0000000082b701d8,0x0000000085680000)
 Metaspace       used 25240K, capacity 25652K, committed 25984K, reserved 1073152K
  class space    used 3063K, capacity 3166K, committed 3200K, reserved 1048576K
}
Event: 10.976 GC heap before
{Heap before GC invocations=6 (full 1):
 PSYoungGen      total 67584K, used 67580K [0x00000000d5f00000, 0x00000000daa00000, 0x0000000100000000)
  eden space 62464K, 100% used [0x00000000d5f00000,0x00000000d9c00000,0x00000000d9c00000)
  from space 5120K, 99% used [0x00000000da500000,0x00000000da9ff020,0x00000000daa00000)
  to   space 5120K, 0% used [0x00000000da000000,0x00000000da000000,0x00000000da500000)
 ParOldGen       total 59904K, used 15808K [0x0000000081c00000, 0x0000000085680000, 0x00000000d5f00000)
  object space 59904K, 26% used [0x0000000081c00000,0x0000000082b701d8,0x0000000085680000)
 Metaspace       used 27080K, capacity 27508K, committed 27776K, reserved 1073152K
  class space    used 3256K, capacity 3358K, committed 3456K, reserved 1048576K
Event: 10.986 GC heap after
Heap after GC invocations=6 (full 1):
 PSYoungGen      total 71680K, used 5100K [0x00000000d5f00000, 0x00000000de180000, 0x0000000100000000)
  eden space 66560K, 0% used [0x00000000d5f00000,0x00000000d5f00000,0x00000000da000000)
  from space 5120K, 99% used [0x00000000da000000,0x00000000da4fb030,0x00000000da500000)
  to   space 8704K, 0% used [0x00000000dd900000,0x00000000dd900000,0x00000000de180000)
 ParOldGen       total 59904K, used 18093K [0x0000000081c00000, 0x0000000085680000, 0x00000000d5f00000)
  object space 59904K, 30% used [0x0000000081c00000,0x0000000082dab7f0,0x0000000085680000)
 Metaspace       used 27080K, capacity 27508K, committed 27776K, reserved 1073152K
  class space    used 3256K, capacity 3358K, committed 3456K, reserved 1048576K
}
Event: 20.257 GC heap before
{Heap before GC invocations=7 (full 1):
 PSYoungGen      total 71680K, used 71660K [0x00000000d5f00000, 0x00000000de180000, 0x0000000100000000)
  eden space 66560K, 100% used [0x00000000d5f00000,0x00000000da000000,0x00000000da000000)
  from space 5120K, 99% used [0x00000000da000000,0x00000000da4fb030,0x00000000da500000)
  to   space 8704K, 0% used [0x00000000dd900000,0x00000000dd900000,0x00000000de180000)
 ParOldGen       total 59904K, used 18093K [0x0000000081c00000, 0x0000000085680000, 0x00000000d5f00000)
  object space 59904K, 30% used [0x0000000081c00000,0x0000000082dab7f0,0x0000000085680000)
 Metaspace       used 27767K, capacity 28230K, committed 28544K, reserved 1075200K
  class space    used 3295K, capacity 3423K, committed 3456K, reserved 1048576K
Event: 20.264 GC heap after
Heap after GC invocations=7 (full 1):
 PSYoungGen      total 124928K, used 6012K [0x00000000d5f00000, 0x00000000de680000, 0x0000000100000000)
  eden space 116224K, 0% used [0x00000000d5f00000,0x00000000d5f00000,0x00000000dd080000)
  from space 8704K, 69% used [0x00000000dd900000,0x00000000ddedf020,0x00000000de180000)
  to   space 8704K, 0% used [0x00000000dd080000,0x00000000dd080000,0x00000000dd900000)
 ParOldGen       total 59904K, used 18101K [0x0000000081c00000, 0x0000000085680000, 0x00000000d5f00000)
  object space 59904K, 30% used [0x0000000081c00000,0x0000000082dad7f0,0x0000000085680000)
 Metaspace       used 27767K, capacity 28230K, committed 28544K, reserved 1075200K
  class space    used 3295K, capacity 3423K, committed 3456K, reserved 1048576K
}

