# JRE version: Java(TM) SE Runtime Environment (8.0_101-b13) (build 1.8.0_101-b13)
# Java VM: Java HotSpot(TM) 64-Bit Server VM (25.101-b13 mixed mode windows-amd64 compressed oops)
Heap:
 PSYoungGen      total 254976K, used 64690K [0x00000000d5f00000, 0x00000000e6c00000, 0x0000000100000000)
  eden space 241152K, 24% used [0x00000000d5f00000,0x00000000d98ab758,0x00000000e4a80000)
  from space 13824K, 40% used [0x00000000e5780000,0x00000000e5d01118,0x00000000e6500000)
  to   space 13312K, 0% used [0x00000000e4a80000,0x00000000e4a80000,0x00000000e5780000)
 ParOldGen       total 77824K, used 24976K [0x0000000081c00000, 0x0000000086800000, 0x00000000d5f00000)
  object space 77824K, 32% used [0x0000000081c00000,0x0000000083464240,0x0000000086800000)
 Metaspace       used 31798K, capacity 32304K, committed 32512K, reserved 1077248K
  class space    used 3625K, capacity 3753K, committed 3840K, reserved 1048576K
GC Heap History (10 events):
Event: 25.078 GC heap before
{Heap before GC invocations=3 (full 0):
 PSYoungGen      total 71680K, used 64116K [0x00000000d5f00000, 0x00000000daa00000, 0x0000000100000000)
  eden space 66560K, 89% used [0x00000000d5f00000,0x00000000d98ddab0,0x00000000da000000)
  from space 5120K, 94% used [0x00000000da500000,0x00000000da9bf908,0x00000000daa00000)
  to   space 5120K, 0% used [0x00000000da000000,0x00000000da000000,0x00000000da500000)
 ParOldGen       total 87552K, used 22906K [0x0000000081c00000, 0x0000000087180000, 0x00000000d5f00000)
  object space 87552K, 26% used [0x0000000081c00000,0x000000008325ea30,0x0000000087180000)
 Metaspace       used 20972K, capacity 21142K, committed 21296K, reserved 1069056K
  class space    used 2602K, capacity 2666K, committed 2688K, reserved 1048576K
Event: 25.088 GC heap after
Heap after GC invocations=3 (full 0):
 PSYoungGen      total 71680K, used 5095K [0x00000000d5f00000, 0x00000000deb00000, 0x0000000100000000)
  eden space 66560K, 0% used [0x00000000d5f00000,0x00000000d5f00000,0x00000000da000000)
  from space 5120K, 99% used [0x00000000da000000,0x00000000da4f9f28,0x00000000da500000)
  to   space 5120K, 0% used [0x00000000de600000,0x00000000de600000,0x00000000deb00000)
 ParOldGen       total 87552K, used 26053K [0x0000000081c00000, 0x0000000087180000, 0x00000000d5f00000)
  object space 87552K, 29% used [0x0000000081c00000,0x0000000083571518,0x0000000087180000)
 Metaspace       used 20972K, capacity 21142K, committed 21296K, reserved 1069056K
  class space    used 2602K, capacity 2666K, committed 2688K, reserved 1048576K
}
Event: 25.088 GC heap before
{Heap before GC invocations=4 (full 1):
 PSYoungGen      total 71680K, used 5095K [0x00000000d5f00000, 0x00000000deb00000, 0x0000000100000000)
  eden space 66560K, 0% used [0x00000000d5f00000,0x00000000d5f00000,0x00000000da000000)
  from space 5120K, 99% used [0x00000000da000000,0x00000000da4f9f28,0x00000000da500000)
  to   space 5120K, 0% used [0x00000000de600000,0x00000000de600000,0x00000000deb00000)
 ParOldGen       total 87552K, used 26053K [0x0000000081c00000, 0x0000000087180000, 0x00000000d5f00000)
  object space 87552K, 29% used [0x0000000081c00000,0x0000000083571518,0x0000000087180000)
 Metaspace       used 20972K, capacity 21142K, committed 21296K, reserved 1069056K
  class space    used 2602K, capacity 2666K, committed 2688K, reserved 1048576K
Event: 25.126 GC heap after
Heap after GC invocations=4 (full 1):
 PSYoungGen      total 71680K, used 0K [0x00000000d5f00000, 0x00000000deb00000, 0x0000000100000000)
  eden space 66560K, 0% used [0x00000000d5f00000,0x00000000d5f00000,0x00000000da000000)
  from space 5120K, 0% used [0x00000000da000000,0x00000000da000000,0x00000000da500000)
  to   space 5120K, 0% used [0x00000000de600000,0x00000000de600000,0x00000000deb00000)
 ParOldGen       total 77824K, used 15699K [0x0000000081c00000, 0x0000000086800000, 0x00000000d5f00000)
  object space 77824K, 20% used [0x0000000081c00000,0x0000000082b54f48,0x0000000086800000)
 Metaspace       used 20972K, capacity 21142K, committed 21296K, reserved 1069056K
  class space    used 2602K, capacity 2666K, committed 2688K, reserved 1048576K
}
Event: 25.800 GC heap before
{Heap before GC invocations=5 (full 1):
 PSYoungGen      total 71680K, used 66560K [0x00000000d5f00000, 0x00000000deb00000, 0x0000000100000000)
  eden space 66560K, 100% used [0x00000000d5f00000,0x00000000da000000,0x00000000da000000)
  from space 5120K, 0% used [0x00000000da000000,0x00000000da000000,0x00000000da500000)
  to   space 5120K, 0% used [0x00000000de600000,0x00000000de600000,0x00000000deb00000)
 ParOldGen       total 77824K, used 15699K [0x0000000081c00000, 0x0000000086800000, 0x00000000d5f00000)
  object space 77824K, 20% used [0x0000000081c00000,0x0000000082b54f48,0x0000000086800000)
 Metaspace       used 25660K, capacity 26122K, committed 26368K, reserved 1073152K
  class space    used 3109K, capacity 3236K, committed 3328K, reserved 1048576K
Event: 25.807 GC heap after
Heap after GC invocations=5 (full 1):
 PSYoungGen      total 132096K, used 5106K [0x00000000d5f00000, 0x00000000deb00000, 0x0000000100000000)
  eden space 126976K, 0% used [0x00000000d5f00000,0x00000000d5f00000,0x00000000ddb00000)
  from space 5120K, 99% used [0x00000000de600000,0x00000000deafcba8,0x00000000deb00000)
  to   space 5120K, 0% used [0x00000000de100000,0x00000000de100000,0x00000000de600000)
 ParOldGen       total 77824K, used 15762K [0x0000000081c00000, 0x0000000086800000, 0x00000000d5f00000)
  object space 77824K, 20% used [0x0000000081c00000,0x0000000082b649e0,0x0000000086800000)
 Metaspace       used 25660K, capacity 26122K, committed 26368K, reserved 1073152K
  class space    used 3109K, capacity 3236K, committed 3328K, reserved 1048576K
}
Event: 28.278 GC heap before
{Heap before GC invocations=6 (full 1):
 PSYoungGen      total 132096K, used 132082K [0x00000000d5f00000, 0x00000000deb00000, 0x0000000100000000)
  eden space 126976K, 100% used [0x00000000d5f00000,0x00000000ddb00000,0x00000000ddb00000)
  from space 5120K, 99% used [0x00000000de600000,0x00000000deafcba8,0x00000000deb00000)
  to   space 5120K, 0% used [0x00000000de100000,0x00000000de100000,0x00000000de600000)
 ParOldGen       total 77824K, used 15762K [0x0000000081c00000, 0x0000000086800000, 0x00000000d5f00000)
  object space 77824K, 20% used [0x0000000081c00000,0x0000000082b649e0,0x0000000086800000)
 Metaspace       used 30724K, capacity 31240K, committed 31488K, reserved 1077248K
  class space    used 3587K, capacity 3721K, committed 3840K, reserved 1048576K
Event: 28.293 GC heap after
Heap after GC invocations=6 (full 1):
 PSYoungGen      total 138240K, used 5109K [0x00000000d5f00000, 0x00000000e6500000, 0x0000000100000000)
  eden space 133120K, 0% used [0x00000000d5f00000,0x00000000d5f00000,0x00000000de100000)
  from space 5120K, 99% used [0x00000000de100000,0x00000000de5fd5c0,0x00000000de600000)
  to   space 13824K, 0% used [0x00000000e5780000,0x00000000e5780000,0x00000000e6500000)
 ParOldGen       total 77824K, used 24968K [0x0000000081c00000, 0x0000000086800000, 0x00000000d5f00000)
  object space 77824K, 32% used [0x0000000081c00000,0x0000000083462240,0x0000000086800000)
 Metaspace       used 30724K, capacity 31240K, committed 31488K, reserved 1077248K
  class space    used 3587K, capacity 3721K, committed 3840K, reserved 1048576K
}
Event: 33.774 GC heap before
{Heap before GC invocations=7 (full 1):
 PSYoungGen      total 138240K, used 138229K [0x00000000d5f00000, 0x00000000e6500000, 0x0000000100000000)
  eden space 133120K, 100% used [0x00000000d5f00000,0x00000000de100000,0x00000000de100000)
  from space 5120K, 99% used [0x00000000de100000,0x00000000de5fd5c0,0x00000000de600000)
  to   space 13824K, 0% used [0x00000000e5780000,0x00000000e5780000,0x00000000e6500000)
 ParOldGen       total 77824K, used 24968K [0x0000000081c00000, 0x0000000086800000, 0x00000000d5f00000)
  object space 77824K, 32% used [0x0000000081c00000,0x0000000083462240,0x0000000086800000)
 Metaspace       used 31055K, capacity 31536K, committed 31744K, reserved 1077248K
  class space    used 3623K, capacity 3753K, committed 3840K, reserved 1048576K
Event: 33.784 GC heap after
Heap after GC invocations=7 (full 1):
 PSYoungGen      total 254976K, used 5636K [0x00000000d5f00000, 0x00000000e6c00000, 0x0000000100000000)
  eden space 241152K, 0% used [0x00000000d5f00000,0x00000000d5f00000,0x00000000e4a80000)
  from space 13824K, 40% used [0x00000000e5780000,0x00000000e5d01118,0x00000000e6500000)
  to   space 13312K, 0% used [0x00000000e4a80000,0x00000000e4a80000,0x00000000e5780000)
 ParOldGen       total 77824K, used 24976K [0x0000000081c00000, 0x0000000086800000, 0x00000000d5f00000)
  object space 77824K, 32% used [0x0000000081c00000,0x0000000083464240,0x0000000086800000)
 Metaspace       used 31055K, capacity 31536K, committed 31744K, reserved 1077248K
  class space    used 3623K, capacity 3753K, committed 3840K, reserved 1048576K
}

