# JRE version: Java(TM) SE Runtime Environment (8.0_101-b13) (build 1.8.0_101-b13)
# Java VM: Java HotSpot(TM) 64-Bit Server VM (25.101-b13 mixed mode windows-amd64 compressed oops)
Heap:
 PSYoungGen      total 131584K, used 51245K [0x00000000d5f00000, 0x00000000df600000, 0x0000000100000000)
  eden space 113664K, 33% used [0x00000000d5f00000,0x00000000d83a9670,0x00000000dce00000)
  from space 17920K, 76% used [0x00000000de480000,0x00000000df1e1da0,0x00000000df600000)
  to   space 20480K, 0% used [0x00000000dce00000,0x00000000dce00000,0x00000000de200000)
 ParOldGen       total 65536K, used 51118K [0x0000000081c00000, 0x0000000085c00000, 0x00000000d5f00000)
  object space 65536K, 78% used [0x0000000081c00000,0x0000000084deb8d8,0x0000000085c00000)
 Metaspace       used 24972K, capacity 25316K, committed 25600K, reserved 1071104K
  class space    used 2957K, capacity 3066K, committed 3072K, reserved 1048576K
GC Heap History (10 events):
Event: 1437.306 GC heap before
{Heap before GC invocations=11 (full 1):
 PSYoungGen      total 136192K, used 135808K [0x00000000d5f00000, 0x00000000e0980000, 0x0000000100000000)
  eden space 135680K, 100% used [0x00000000d5f00000,0x00000000de380000,0x00000000de380000)
  from space 512K, 25% used [0x00000000de880000,0x00000000de8a0000,0x00000000de900000)
  to   space 19456K, 0% used [0x00000000df680000,0x00000000df680000,0x00000000e0980000)
 ParOldGen       total 65536K, used 44346K [0x0000000081c00000, 0x0000000085c00000, 0x00000000d5f00000)
  object space 65536K, 67% used [0x0000000081c00000,0x000000008474ea08,0x0000000085c00000)
 Metaspace       used 24693K, capacity 25082K, committed 25344K, reserved 1071104K
  class space    used 2947K, capacity 3031K, committed 3072K, reserved 1048576K
Event: 1437.307 GC heap after
Heap after GC invocations=11 (full 1):
 PSYoungGen      total 146944K, used 64K [0x00000000d5f00000, 0x00000000e0600000, 0x0000000100000000)
  eden space 131072K, 0% used [0x00000000d5f00000,0x00000000d5f00000,0x00000000ddf00000)
  from space 15872K, 0% used [0x00000000df680000,0x00000000df690000,0x00000000e0600000)
  to   space 19968K, 0% used [0x00000000ddf00000,0x00000000ddf00000,0x00000000df280000)
 ParOldGen       total 65536K, used 44354K [0x0000000081c00000, 0x0000000085c00000, 0x00000000d5f00000)
  object space 65536K, 67% used [0x0000000081c00000,0x0000000084750a08,0x0000000085c00000)
 Metaspace       used 24693K, capacity 25082K, committed 25344K, reserved 1071104K
  class space    used 2947K, capacity 3031K, committed 3072K, reserved 1048576K
}
Event: 1440.042 GC heap before
{Heap before GC invocations=12 (full 1):
 PSYoungGen      total 146944K, used 131136K [0x00000000d5f00000, 0x00000000e0600000, 0x0000000100000000)
  eden space 131072K, 100% used [0x00000000d5f00000,0x00000000ddf00000,0x00000000ddf00000)
  from space 15872K, 0% used [0x00000000df680000,0x00000000df690000,0x00000000e0600000)
  to   space 19968K, 0% used [0x00000000ddf00000,0x00000000ddf00000,0x00000000df280000)
 ParOldGen       total 65536K, used 44354K [0x0000000081c00000, 0x0000000085c00000, 0x00000000d5f00000)
  object space 65536K, 67% used [0x0000000081c00000,0x0000000084750a08,0x0000000085c00000)
 Metaspace       used 24700K, capacity 25082K, committed 25344K, reserved 1071104K
  class space    used 2947K, capacity 3031K, committed 3072K, reserved 1048576K
Event: 1440.043 GC heap after
Heap after GC invocations=12 (full 1):
 PSYoungGen      total 126976K, used 64K [0x00000000d5f00000, 0x00000000e0180000, 0x0000000100000000)
  eden space 126464K, 0% used [0x00000000d5f00000,0x00000000d5f00000,0x00000000dda80000)
  from space 512K, 12% used [0x00000000ddf00000,0x00000000ddf10000,0x00000000ddf80000)
  to   space 19968K, 0% used [0x00000000dee00000,0x00000000dee00000,0x00000000e0180000)
 ParOldGen       total 65536K, used 44362K [0x0000000081c00000, 0x0000000085c00000, 0x00000000d5f00000)
  object space 65536K, 67% used [0x0000000081c00000,0x0000000084752a08,0x0000000085c00000)
 Metaspace       used 24700K, capacity 25082K, committed 25344K, reserved 1071104K
  class space    used 2947K, capacity 3031K, committed 3072K, reserved 1048576K
}
Event: 1442.532 GC heap before
{Heap before GC invocations=13 (full 1):
 PSYoungGen      total 126976K, used 126528K [0x00000000d5f00000, 0x00000000e0180000, 0x0000000100000000)
  eden space 126464K, 100% used [0x00000000d5f00000,0x00000000dda80000,0x00000000dda80000)
  from space 512K, 12% used [0x00000000ddf00000,0x00000000ddf10000,0x00000000ddf80000)
  to   space 19968K, 0% used [0x00000000dee00000,0x00000000dee00000,0x00000000e0180000)
 ParOldGen       total 65536K, used 44362K [0x0000000081c00000, 0x0000000085c00000, 0x00000000d5f00000)
  object space 65536K, 67% used [0x0000000081c00000,0x0000000084752a08,0x0000000085c00000)
 Metaspace       used 24747K, capacity 25082K, committed 25344K, reserved 1071104K
  class space    used 2947K, capacity 3031K, committed 3072K, reserved 1048576K
Event: 1442.534 GC heap after
Heap after GC invocations=13 (full 1):
 PSYoungGen      total 136192K, used 64K [0x00000000d5f00000, 0x00000000dfc00000, 0x0000000100000000)
  eden space 121856K, 0% used [0x00000000d5f00000,0x00000000d5f00000,0x00000000dd600000)
  from space 14336K, 0% used [0x00000000dee00000,0x00000000dee10000,0x00000000dfc00000)
  to   space 19456K, 0% used [0x00000000dd600000,0x00000000dd600000,0x00000000de900000)
 ParOldGen       total 65536K, used 44370K [0x0000000081c00000, 0x0000000085c00000, 0x00000000d5f00000)
  object space 65536K, 67% used [0x0000000081c00000,0x0000000084754a08,0x0000000085c00000)
 Metaspace       used 24747K, capacity 25082K, committed 25344K, reserved 1071104K
  class space    used 2947K, capacity 3031K, committed 3072K, reserved 1048576K
}
Event: 8701.229 GC heap before
{Heap before GC invocations=14 (full 1):
 PSYoungGen      total 136192K, used 121920K [0x00000000d5f00000, 0x00000000dfc00000, 0x0000000100000000)
  eden space 121856K, 100% used [0x00000000d5f00000,0x00000000dd600000,0x00000000dd600000)
  from space 14336K, 0% used [0x00000000dee00000,0x00000000dee10000,0x00000000dfc00000)
  to   space 19456K, 0% used [0x00000000dd600000,0x00000000dd600000,0x00000000de900000)
 ParOldGen       total 65536K, used 44370K [0x0000000081c00000, 0x0000000085c00000, 0x00000000d5f00000)
  object space 65536K, 67% used [0x0000000081c00000,0x0000000084754a08,0x0000000085c00000)
 Metaspace       used 24885K, capacity 25252K, committed 25344K, reserved 1071104K
  class space    used 2957K, capacity 3066K, committed 3072K, reserved 1048576K
Event: 8701.307 GC heap after
Heap after GC invocations=14 (full 1):
 PSYoungGen      total 125440K, used 7194K [0x00000000d5f00000, 0x00000000df700000, 0x0000000100000000)
  eden space 117760K, 0% used [0x00000000d5f00000,0x00000000d5f00000,0x00000000dd200000)
  from space 7680K, 93% used [0x00000000dd600000,0x00000000ddd06820,0x00000000ddd80000)
  to   space 18944K, 0% used [0x00000000de480000,0x00000000de480000,0x00000000df700000)
 ParOldGen       total 65536K, used 44370K [0x0000000081c00000, 0x0000000085c00000, 0x00000000d5f00000)
  object space 65536K, 67% used [0x0000000081c00000,0x0000000084754a08,0x0000000085c00000)
 Metaspace       used 24885K, capacity 25252K, committed 25344K, reserved 1071104K
  class space    used 2957K, capacity 3066K, committed 3072K, reserved 1048576K
}
Event: 11164.694 GC heap before
{Heap before GC invocations=15 (full 1):
 PSYoungGen      total 125440K, used 124954K [0x00000000d5f00000, 0x00000000df700000, 0x0000000100000000)
  eden space 117760K, 100% used [0x00000000d5f00000,0x00000000dd200000,0x00000000dd200000)
  from space 7680K, 93% used [0x00000000dd600000,0x00000000ddd06820,0x00000000ddd80000)
  to   space 18944K, 0% used [0x00000000de480000,0x00000000de480000,0x00000000df700000)
 ParOldGen       total 65536K, used 44370K [0x0000000081c00000, 0x0000000085c00000, 0x00000000d5f00000)
  object space 65536K, 67% used [0x0000000081c00000,0x0000000084754a08,0x0000000085c00000)
 Metaspace       used 24960K, capacity 25316K, committed 25600K, reserved 1071104K
  class space    used 2957K, capacity 3066K, committed 3072K, reserved 1048576K
Event: 11164.716 GC heap after
Heap after GC invocations=15 (full 1):
 PSYoungGen      total 131584K, used 13703K [0x00000000d5f00000, 0x00000000df600000, 0x0000000100000000)
  eden space 113664K, 0% used [0x00000000d5f00000,0x00000000d5f00000,0x00000000dce00000)
  from space 17920K, 76% used [0x00000000de480000,0x00000000df1e1da0,0x00000000df600000)
  to   space 20480K, 0% used [0x00000000dce00000,0x00000000dce00000,0x00000000de200000)
 ParOldGen       total 65536K, used 51118K [0x0000000081c00000, 0x0000000085c00000, 0x00000000d5f00000)
  object space 65536K, 78% used [0x0000000081c00000,0x0000000084deb8d8,0x0000000085c00000)
 Metaspace       used 24960K, capacity 25316K, committed 25600K, reserved 1071104K
  class space    used 2957K, capacity 3066K, committed 3072K, reserved 1048576K
}

