# JRE version: Java(TM) SE Runtime Environment (8.0_101-b13) (build 1.8.0_101-b13)
# Java VM: Java HotSpot(TM) 64-Bit Server VM (25.101-b13 mixed mode windows-amd64 compressed oops)
Heap:
 PSYoungGen      total 229376K, used 157563K [0x00000000d5f00000, 0x00000000ece00000, 0x0000000100000000)
  eden space 226304K, 68% used [0x00000000d5f00000,0x00000000df646ed8,0x00000000e3c00000)
  from space 3072K, 86% used [0x00000000ecb00000,0x00000000ecd97d98,0x00000000ece00000)
  to   space 12288K, 0% used [0x00000000eb600000,0x00000000eb600000,0x00000000ec200000)
 ParOldGen       total 76288K, used 29081K [0x0000000081c00000, 0x0000000086680000, 0x00000000d5f00000)
  object space 76288K, 38% used [0x0000000081c00000,0x00000000838666b0,0x0000000086680000)
 Metaspace       used 29496K, capacity 29958K, committed 30208K, reserved 1075200K
  class space    used 3404K, capacity 3525K, committed 3584K, reserved 1048576K
GC Heap History (10 events):
Event: 23.141 GC heap before
{Heap before GC invocations=7 (full 1):
 PSYoungGen      total 71680K, used 71653K [0x00000000d5f00000, 0x00000000df100000, 0x0000000100000000)
  eden space 66560K, 100% used [0x00000000d5f00000,0x00000000da000000,0x00000000da000000)
  from space 5120K, 99% used [0x00000000da000000,0x00000000da4f9590,0x00000000da500000)
  to   space 12800K, 0% used [0x00000000de480000,0x00000000de480000,0x00000000df100000)
 ParOldGen       total 76288K, used 22743K [0x0000000081c00000, 0x0000000086680000, 0x00000000d5f00000)
  object space 76288K, 29% used [0x0000000081c00000,0x0000000083235e28,0x0000000086680000)
 Metaspace       used 28447K, capacity 28930K, committed 29184K, reserved 1075200K
  class space    used 3357K, capacity 3489K, committed 3584K, reserved 1048576K
Event: 23.148 GC heap after
Heap after GC invocations=7 (full 1):
 PSYoungGen      total 137216K, used 5461K [0x00000000d5f00000, 0x00000000df480000, 0x0000000100000000)
  eden space 124416K, 0% used [0x00000000d5f00000,0x00000000d5f00000,0x00000000dd880000)
  from space 12800K, 42% used [0x00000000de480000,0x00000000de9d55a0,0x00000000df100000)
  to   space 12288K, 0% used [0x00000000dd880000,0x00000000dd880000,0x00000000de480000)
 ParOldGen       total 76288K, used 22751K [0x0000000081c00000, 0x0000000086680000, 0x00000000d5f00000)
  object space 76288K, 29% used [0x0000000081c00000,0x0000000083237e28,0x0000000086680000)
 Metaspace       used 28447K, capacity 28930K, committed 29184K, reserved 1075200K
  class space    used 3357K, capacity 3489K, committed 3584K, reserved 1048576K
}
Event: 23.637 GC heap before
{Heap before GC invocations=8 (full 1):
 PSYoungGen      total 137216K, used 129877K [0x00000000d5f00000, 0x00000000df480000, 0x0000000100000000)
  eden space 124416K, 100% used [0x00000000d5f00000,0x00000000dd880000,0x00000000dd880000)
  from space 12800K, 42% used [0x00000000de480000,0x00000000de9d55a0,0x00000000df100000)
  to   space 12288K, 0% used [0x00000000dd880000,0x00000000dd880000,0x00000000de480000)
 ParOldGen       total 76288K, used 22751K [0x0000000081c00000, 0x0000000086680000, 0x00000000d5f00000)
  object space 76288K, 29% used [0x0000000081c00000,0x0000000083237e28,0x0000000086680000)
 Metaspace       used 28635K, capacity 29134K, committed 29440K, reserved 1075200K
  class space    used 3362K, capacity 3489K, committed 3584K, reserved 1048576K
Event: 23.647 GC heap after
Heap after GC invocations=8 (full 1):
 PSYoungGen      total 136704K, used 5189K [0x00000000d5f00000, 0x00000000e6100000, 0x0000000100000000)
  eden space 124416K, 0% used [0x00000000d5f00000,0x00000000d5f00000,0x00000000dd880000)
  from space 12288K, 42% used [0x00000000dd880000,0x00000000ddd91590,0x00000000de480000)
  to   space 12288K, 0% used [0x00000000e5500000,0x00000000e5500000,0x00000000e6100000)
 ParOldGen       total 76288K, used 22759K [0x0000000081c00000, 0x0000000086680000, 0x00000000d5f00000)
  object space 76288K, 29% used [0x0000000081c00000,0x0000000083239e28,0x0000000086680000)
 Metaspace       used 28635K, capacity 29134K, committed 29440K, reserved 1075200K
  class space    used 3362K, capacity 3489K, committed 3584K, reserved 1048576K
}
Event: 35.738 GC heap before
{Heap before GC invocations=9 (full 1):
 PSYoungGen      total 136704K, used 129605K [0x00000000d5f00000, 0x00000000e6100000, 0x0000000100000000)
  eden space 124416K, 100% used [0x00000000d5f00000,0x00000000dd880000,0x00000000dd880000)
  from space 12288K, 42% used [0x00000000dd880000,0x00000000ddd91590,0x00000000de480000)
  to   space 12288K, 0% used [0x00000000e5500000,0x00000000e5500000,0x00000000e6100000)
 ParOldGen       total 76288K, used 22759K [0x0000000081c00000, 0x0000000086680000, 0x00000000d5f00000)
  object space 76288K, 29% used [0x0000000081c00000,0x0000000083239e28,0x0000000086680000)
 Metaspace       used 29064K, capacity 29460K, committed 29696K, reserved 1075200K
  class space    used 3394K, capacity 3490K, committed 3584K, reserved 1048576K
Event: 35.747 GC heap after
Heap after GC invocations=9 (full 1):
 PSYoungGen      total 244736K, used 5670K [0x00000000d5f00000, 0x00000000e5d00000, 0x0000000100000000)
  eden space 236544K, 0% used [0x00000000d5f00000,0x00000000d5f00000,0x00000000e4600000)
  from space 8192K, 69% used [0x00000000e5500000,0x00000000e5a898d8,0x00000000e5d00000)
  to   space 11776K, 0% used [0x00000000e4600000,0x00000000e4600000,0x00000000e5180000)
 ParOldGen       total 76288K, used 25053K [0x0000000081c00000, 0x0000000086680000, 0x00000000d5f00000)
  object space 76288K, 32% used [0x0000000081c00000,0x0000000083477598,0x0000000086680000)
 Metaspace       used 29064K, capacity 29460K, committed 29696K, reserved 1075200K
  class space    used 3394K, capacity 3490K, committed 3584K, reserved 1048576K
}
Event: 516.051 GC heap before
{Heap before GC invocations=10 (full 1):
 PSYoungGen      total 244736K, used 242214K [0x00000000d5f00000, 0x00000000e5d00000, 0x0000000100000000)
  eden space 236544K, 100% used [0x00000000d5f00000,0x00000000e4600000,0x00000000e4600000)
  from space 8192K, 69% used [0x00000000e5500000,0x00000000e5a898d8,0x00000000e5d00000)
  to   space 11776K, 0% used [0x00000000e4600000,0x00000000e4600000,0x00000000e5180000)
 ParOldGen       total 76288K, used 25053K [0x0000000081c00000, 0x0000000086680000, 0x00000000d5f00000)
  object space 76288K, 32% used [0x0000000081c00000,0x0000000083477598,0x0000000086680000)
 Metaspace       used 29290K, capacity 29754K, committed 29952K, reserved 1075200K
  class space    used 3395K, capacity 3523K, committed 3584K, reserved 1048576K
Event: 516.064 GC heap after
Heap after GC invocations=10 (full 1):
 PSYoungGen      total 248320K, used 3637K [0x00000000d5f00000, 0x00000000ed680000, 0x0000000100000000)
  eden space 236544K, 0% used [0x00000000d5f00000,0x00000000d5f00000,0x00000000e4600000)
  from space 11776K, 30% used [0x00000000e4600000,0x00000000e498d600,0x00000000e5180000)
  to   space 11776K, 0% used [0x00000000ecb00000,0x00000000ecb00000,0x00000000ed680000)
 ParOldGen       total 76288K, used 27808K [0x0000000081c00000, 0x0000000086680000, 0x00000000d5f00000)
  object space 76288K, 36% used [0x0000000081c00000,0x0000000083728130,0x0000000086680000)
 Metaspace       used 29290K, capacity 29754K, committed 29952K, reserved 1075200K
  class space    used 3395K, capacity 3523K, committed 3584K, reserved 1048576K
}
Event: 548.320 GC heap before
{Heap before GC invocations=11 (full 1):
 PSYoungGen      total 248320K, used 240181K [0x00000000d5f00000, 0x00000000ed680000, 0x0000000100000000)
  eden space 236544K, 100% used [0x00000000d5f00000,0x00000000e4600000,0x00000000e4600000)
  from space 11776K, 30% used [0x00000000e4600000,0x00000000e498d600,0x00000000e5180000)
  to   space 11776K, 0% used [0x00000000ecb00000,0x00000000ecb00000,0x00000000ed680000)
 ParOldGen       total 76288K, used 27808K [0x0000000081c00000, 0x0000000086680000, 0x00000000d5f00000)
  object space 76288K, 36% used [0x0000000081c00000,0x0000000083728130,0x0000000086680000)
 Metaspace       used 29382K, capacity 29882K, committed 30208K, reserved 1075200K
  class space    used 3396K, capacity 3523K, committed 3584K, reserved 1048576K
Event: 548.325 GC heap after
Heap after GC invocations=11 (full 1):
 PSYoungGen      total 229376K, used 2655K [0x00000000d5f00000, 0x00000000ece00000, 0x0000000100000000)
  eden space 226304K, 0% used [0x00000000d5f00000,0x00000000d5f00000,0x00000000e3c00000)
  from space 3072K, 86% used [0x00000000ecb00000,0x00000000ecd97d98,0x00000000ece00000)
  to   space 12288K, 0% used [0x00000000eb600000,0x00000000eb600000,0x00000000ec200000)
 ParOldGen       total 76288K, used 29081K [0x0000000081c00000, 0x0000000086680000, 0x00000000d5f00000)
  object space 76288K, 38% used [0x0000000081c00000,0x00000000838666b0,0x0000000086680000)
 Metaspace       used 29382K, capacity 29882K, committed 30208K, reserved 1075200K
  class space    used 3396K, capacity 3523K, committed 3584K, reserved 1048576K
}

