# JRE version: Java(TM) SE Runtime Environment (8.0_101-b13) (build 1.8.0_101-b13)
# Java VM: Java HotSpot(TM) 64-Bit Server VM (25.101-b13 mixed mode windows-amd64 compressed oops)
Heap:
 PSYoungGen      total 144384K, used 108253K [0x00000000d5f00000, 0x00000000e0600000, 0x0000000100000000)
  eden space 134144K, 73% used [0x00000000d5f00000,0x00000000dbf1c998,0x00000000de200000)
  from space 10240K, 96% used [0x00000000de700000,0x00000000df09aa78,0x00000000df100000)
  to   space 18432K, 0% used [0x00000000df400000,0x00000000df400000,0x00000000e0600000)
 ParOldGen       total 65536K, used 41164K [0x0000000081c00000, 0x0000000085c00000, 0x00000000d5f00000)
  object space 65536K, 62% used [0x0000000081c00000,0x0000000084433378,0x0000000085c00000)
 Metaspace       used 25043K, capacity 25372K, committed 25600K, reserved 1071104K
  class space    used 2966K, capacity 3066K, committed 3072K, reserved 1048576K
GC Heap History (10 events):
Event: 6.980 GC heap before
{Heap before GC invocations=6 (full 1):
 PSYoungGen      total 58880K, used 58861K [0x00000000d5f00000, 0x00000000daa00000, 0x0000000100000000)
  eden space 53760K, 100% used [0x00000000d5f00000,0x00000000d9380000,0x00000000d9380000)
  from space 5120K, 99% used [0x00000000da500000,0x00000000da9fb778,0x00000000daa00000)
  to   space 5120K, 0% used [0x00000000da000000,0x00000000da000000,0x00000000da500000)
 ParOldGen       total 65536K, used 19842K [0x0000000081c00000, 0x0000000085c00000, 0x00000000d5f00000)
  object space 65536K, 30% used [0x0000000081c00000,0x0000000082f60810,0x0000000085c00000)
 Metaspace       used 23966K, capacity 24262K, committed 24576K, reserved 1071104K
  class space    used 2914K, capacity 2999K, committed 3072K, reserved 1048576K
Event: 6.995 GC heap after
Heap after GC invocations=6 (full 1):
 PSYoungGen      total 71680K, used 5109K [0x00000000d5f00000, 0x00000000de000000, 0x0000000100000000)
  eden space 66560K, 0% used [0x00000000d5f00000,0x00000000d5f00000,0x00000000da000000)
  from space 5120K, 99% used [0x00000000da000000,0x00000000da4fd5f0,0x00000000da500000)
  to   space 20480K, 0% used [0x00000000dcc00000,0x00000000dcc00000,0x00000000de000000)
 ParOldGen       total 65536K, used 36185K [0x0000000081c00000, 0x0000000085c00000, 0x00000000d5f00000)
  object space 65536K, 55% used [0x0000000081c00000,0x0000000083f56560,0x0000000085c00000)
 Metaspace       used 23966K, capacity 24262K, committed 24576K, reserved 1071104K
  class space    used 2914K, capacity 2999K, committed 3072K, reserved 1048576K
}
Event: 14.216 GC heap before
{Heap before GC invocations=7 (full 1):
 PSYoungGen      total 71680K, used 71669K [0x00000000d5f00000, 0x00000000de000000, 0x0000000100000000)
  eden space 66560K, 100% used [0x00000000d5f00000,0x00000000da000000,0x00000000da000000)
  from space 5120K, 99% used [0x00000000da000000,0x00000000da4fd5f0,0x00000000da500000)
  to   space 20480K, 0% used [0x00000000dcc00000,0x00000000dcc00000,0x00000000de000000)
 ParOldGen       total 65536K, used 36185K [0x0000000081c00000, 0x0000000085c00000, 0x00000000d5f00000)
  object space 65536K, 55% used [0x0000000081c00000,0x0000000083f56560,0x0000000085c00000)
 Metaspace       used 24386K, capacity 24754K, committed 24832K, reserved 1071104K
  class space    used 2944K, capacity 3031K, committed 3072K, reserved 1048576K
Event: 14.223 GC heap after
Heap after GC invocations=7 (full 1):
 PSYoungGen      total 112128K, used 8076K [0x00000000d5f00000, 0x00000000df080000, 0x0000000100000000)
  eden space 91648K, 0% used [0x00000000d5f00000,0x00000000d5f00000,0x00000000db880000)
  from space 20480K, 39% used [0x00000000dcc00000,0x00000000dd3e3198,0x00000000de000000)
  to   space 19968K, 0% used [0x00000000db880000,0x00000000db880000,0x00000000dcc00000)
 ParOldGen       total 65536K, used 36193K [0x0000000081c00000, 0x0000000085c00000, 0x00000000d5f00000)
  object space 65536K, 55% used [0x0000000081c00000,0x0000000083f58560,0x0000000085c00000)
 Metaspace       used 24386K, capacity 24754K, committed 24832K, reserved 1071104K
  class space    used 2944K, capacity 3031K, committed 3072K, reserved 1048576K
}
Event: 25.109 GC heap before
{Heap before GC invocations=8 (full 1):
 PSYoungGen      total 112128K, used 99724K [0x00000000d5f00000, 0x00000000df080000, 0x0000000100000000)
  eden space 91648K, 100% used [0x00000000d5f00000,0x00000000db880000,0x00000000db880000)
  from space 20480K, 39% used [0x00000000dcc00000,0x00000000dd3e3198,0x00000000de000000)
  to   space 19968K, 0% used [0x00000000db880000,0x00000000db880000,0x00000000dcc00000)
 ParOldGen       total 65536K, used 36193K [0x0000000081c00000, 0x0000000085c00000, 0x00000000d5f00000)
  object space 65536K, 55% used [0x0000000081c00000,0x0000000083f58560,0x0000000085c00000)
 Metaspace       used 24861K, capacity 25202K, committed 25344K, reserved 1071104K
  class space    used 2955K, capacity 3031K, committed 3072K, reserved 1048576K
Event: 25.116 GC heap after
Heap after GC invocations=8 (full 1):
 PSYoungGen      total 111616K, used 7879K [0x00000000d5f00000, 0x00000000e1080000, 0x0000000100000000)
  eden space 91648K, 0% used [0x00000000d5f00000,0x00000000d5f00000,0x00000000db880000)
  from space 19968K, 39% used [0x00000000db880000,0x00000000dc031e58,0x00000000dcc00000)
  to   space 18944K, 0% used [0x00000000dfe00000,0x00000000dfe00000,0x00000000e1080000)
 ParOldGen       total 65536K, used 36193K [0x0000000081c00000, 0x0000000085c00000, 0x00000000d5f00000)
  object space 65536K, 55% used [0x0000000081c00000,0x0000000083f58560,0x0000000085c00000)
 Metaspace       used 24861K, capacity 25202K, committed 25344K, reserved 1071104K
  class space    used 2955K, capacity 3031K, committed 3072K, reserved 1048576K
}
Event: 27.218 GC heap before
{Heap before GC invocations=9 (full 1):
 PSYoungGen      total 111616K, used 99527K [0x00000000d5f00000, 0x00000000e1080000, 0x0000000100000000)
  eden space 91648K, 100% used [0x00000000d5f00000,0x00000000db880000,0x00000000db880000)
  from space 19968K, 39% used [0x00000000db880000,0x00000000dc031e58,0x00000000dcc00000)
  to   space 18944K, 0% used [0x00000000dfe00000,0x00000000dfe00000,0x00000000e1080000)
 ParOldGen       total 65536K, used 36193K [0x0000000081c00000, 0x0000000085c00000, 0x00000000d5f00000)
  object space 65536K, 55% used [0x0000000081c00000,0x0000000083f58560,0x0000000085c00000)
 Metaspace       used 24876K, capacity 25202K, committed 25344K, reserved 1071104K
  class space    used 2955K, capacity 3031K, committed 3072K, reserved 1048576K
Event: 27.224 GC heap after
Heap after GC invocations=9 (full 1):
 PSYoungGen      total 153600K, used 3254K [0x00000000d5f00000, 0x00000000e0c00000, 0x0000000100000000)
  eden space 139264K, 0% used [0x00000000d5f00000,0x00000000d5f00000,0x00000000de700000)
  from space 14336K, 22% used [0x00000000dfe00000,0x00000000e012dbc8,0x00000000e0c00000)
  to   space 18944K, 0% used [0x00000000de700000,0x00000000de700000,0x00000000df980000)
 ParOldGen       total 65536K, used 40812K [0x0000000081c00000, 0x0000000085c00000, 0x00000000d5f00000)
  object space 65536K, 62% used [0x0000000081c00000,0x00000000843db358,0x0000000085c00000)
 Metaspace       used 24876K, capacity 25202K, committed 25344K, reserved 1071104K
  class space    used 2955K, capacity 3031K, committed 3072K, reserved 1048576K
}
Event: 9761.736 GC heap before
{Heap before GC invocations=10 (full 1):
 PSYoungGen      total 153600K, used 142518K [0x00000000d5f00000, 0x00000000e0c00000, 0x0000000100000000)
  eden space 139264K, 100% used [0x00000000d5f00000,0x00000000de700000,0x00000000de700000)
  from space 14336K, 22% used [0x00000000dfe00000,0x00000000e012dbc8,0x00000000e0c00000)
  to   space 18944K, 0% used [0x00000000de700000,0x00000000de700000,0x00000000df980000)
 ParOldGen       total 65536K, used 40812K [0x0000000081c00000, 0x0000000085c00000, 0x00000000d5f00000)
  object space 65536K, 62% used [0x0000000081c00000,0x00000000843db358,0x0000000085c00000)
 Metaspace       used 25012K, capacity 25372K, committed 25600K, reserved 1071104K
  class space    used 2966K, capacity 3066K, committed 3072K, reserved 1048576K
Event: 9762.015 GC heap after
Heap after GC invocations=10 (full 1):
 PSYoungGen      total 144384K, used 9834K [0x00000000d5f00000, 0x00000000e0600000, 0x0000000100000000)
  eden space 134144K, 0% used [0x00000000d5f00000,0x00000000d5f00000,0x00000000de200000)
  from space 10240K, 96% used [0x00000000de700000,0x00000000df09aa78,0x00000000df100000)
  to   space 18432K, 0% used [0x00000000df400000,0x00000000df400000,0x00000000e0600000)
 ParOldGen       total 65536K, used 41164K [0x0000000081c00000, 0x0000000085c00000, 0x00000000d5f00000)
  object space 65536K, 62% used [0x0000000081c00000,0x0000000084433378,0x0000000085c00000)
 Metaspace       used 25012K, capacity 25372K, committed 25600K, reserved 1071104K
  class space    used 2966K, capacity 3066K, committed 3072K, reserved 1048576K
}

